Performing C SOURCE FILE Test CMAKE_HAVE_LIBC_PTHREAD failed with the following output:
Change Dir: /home/thanasis/CLionProjects/it219148/cmake-build-debug/CMakeFiles/CMakeTmp

Run Build Command(s):/usr/bin/gmake cmTC_0fbcd/fast && gmake[1]: Entering directory '/home/thanasis/CLionProjects/it219148/cmake-build-debug/CMakeFiles/CMakeTmp'
/usr/bin/gmake  -f CMakeFiles/cmTC_0fbcd.dir/build.make CMakeFiles/cmTC_0fbcd.dir/build
gmake[2]: Entering directory '/home/thanasis/CLionProjects/it219148/cmake-build-debug/CMakeFiles/CMakeTmp'
Building C object CMakeFiles/cmTC_0fbcd.dir/src.c.o
/usr/bin/cc   -DCMAKE_HAVE_LIBC_PTHREAD   -std=gnu11 -o CMakeFiles/cmTC_0fbcd.dir/src.c.o   -c /home/thanasis/CLionProjects/it219148/cmake-build-debug/CMakeFiles/CMakeTmp/src.c
Linking C executable cmTC_0fbcd
/home/thanasis/.local/share/JetBrains/Toolbox/apps/CLion/ch-0/203.6682.181/bin/cmake/linux/bin/cmake -E cmake_link_script CMakeFiles/cmTC_0fbcd.dir/link.txt --verbose=1
/usr/bin/cc  -DCMAKE_HAVE_LIBC_PTHREAD    CMakeFiles/cmTC_0fbcd.dir/src.c.o  -o cmTC_0fbcd 
/usr/bin/ld: CMakeFiles/cmTC_0fbcd.dir/src.c.o: in function `main':
src.c:(.text+0x46): undefined reference to `pthread_create'
/usr/bin/ld: src.c:(.text+0x52): undefined reference to `pthread_detach'
/usr/bin/ld: src.c:(.text+0x5e): undefined reference to `pthread_cancel'
/usr/bin/ld: src.c:(.text+0x6f): undefined reference to `pthread_join'
collect2: error: ld returned 1 exit status
gmake[2]: *** [CMakeFiles/cmTC_0fbcd.dir/build.make:107: cmTC_0fbcd] Error 1
gmake[2]: Leaving directory '/home/thanasis/CLionProjects/it219148/cmake-build-debug/CMakeFiles/CMakeTmp'
gmake[1]: *** [Makefile:141: cmTC_0fbcd/fast] Error 2
gmake[1]: Leaving directory '/home/thanasis/CLionProjects/it219148/cmake-build-debug/CMakeFiles/CMakeTmp'


Source file was:
#include <pthread.h>

void* test_func(void* data)
{
  return data;
}

int main(void)
{
  pthread_t thread;
  pthread_create(&thread, NULL, test_func, NULL);
  pthread_detach(thread);
  pthread_cancel(thread);
  pthread_join(thread, NULL);
  pthread_atfork(NULL, NULL, NULL);
  pthread_exit(NULL);

  return 0;
}

